TN:
SF:src/ClankerSDK.ts
FN:21,(anonymous_1)
FN:36,(anonymous_2)
FN:37,(anonymous_3)
FN:52,(anonymous_4)
FN:62,(anonymous_5)
FN:74,(anonymous_6)
FN:89,(anonymous_7)
FN:104,(anonymous_8)
FN:116,(anonymous_9)
FN:128,(anonymous_10)
FN:130,(anonymous_11)
FN:135,(anonymous_12)
FN:139,(anonymous_13)
FNF:13
FNH:8
FNDA:8,(anonymous_1)
FNDA:0,(anonymous_2)
FNDA:0,(anonymous_3)
FNDA:2,(anonymous_4)
FNDA:2,(anonymous_5)
FNDA:2,(anonymous_6)
FNDA:0,(anonymous_7)
FNDA:0,(anonymous_8)
FNDA:0,(anonymous_9)
FNDA:2,(anonymous_10)
FNDA:32,(anonymous_11)
FNDA:8,(anonymous_12)
FNDA:4,(anonymous_13)
DA:1,1
DA:2,1
DA:17,1
DA:19,8
DA:22,8
DA:23,1
DA:26,7
DA:35,7
DA:36,0
DA:38,0
DA:39,0
DA:46,0
DA:53,2
DA:54,1
DA:57,1
DA:58,1
DA:63,2
DA:65,1
DA:66,1
DA:70,1
DA:75,2
DA:76,2
DA:77,1
DA:80,1
DA:81,1
DA:85,1
DA:90,0
DA:91,0
DA:93,0
DA:94,0
DA:97,0
DA:100,0
DA:105,0
DA:106,0
DA:109,0
DA:112,0
DA:117,0
DA:118,0
DA:121,0
DA:124,0
DA:129,2
DA:130,32
DA:136,8
DA:140,4
DA:141,0
DA:143,4
DA:144,0
DA:146,4
DA:147,1
DA:149,3
DA:150,0
LF:51
LH:30
BRDA:22,0,0,1
BRDA:38,1,0,0
BRDA:40,2,0,0
BRDA:40,2,1,0
BRDA:53,3,0,1
BRDA:65,4,0,1
BRDA:65,4,1,1
BRDA:76,5,0,1
BRDA:80,6,0,1
BRDA:80,6,1,1
BRDA:89,7,0,0
BRDA:90,8,0,0
BRDA:93,9,0,0
BRDA:105,10,0,0
BRDA:117,11,0,0
BRDA:140,12,0,0
BRDA:140,13,0,4
BRDA:140,13,1,4
BRDA:143,14,0,0
BRDA:143,15,0,4
BRDA:143,15,1,4
BRDA:146,16,0,1
BRDA:149,17,0,0
BRDA:149,18,0,3
BRDA:149,18,1,0
BRF:25
BRH:13
end_of_record
TN:
SF:src/types.ts
FN:56,(anonymous_0)
FNF:1
FNH:1
FNDA:4,(anonymous_0)
DA:55,1
DA:58,4
DA:59,4
DA:60,4
DA:62,4
DA:63,4
LF:6
LH:6
BRF:0
BRH:0
end_of_record
